{
  "RSpec": {
    "coverage": {
      "/Users/CharlieJMTorres/Projects/oystercard/oystercard/spec/journey_spec.rb": {
        "lines": [
          1,
          null,
          1,
          null,
          1,
          3,
          1,
          1,
          null,
          null,
          1,
          1,
          null,
          null,
          null,
          null,
          null,
          null,
          null,
          null,
          1,
          null,
          2,
          2,
          null,
          null,
          1,
          1,
          1,
          null,
          null,
          1,
          1,
          1,
          1,
          1,
          null,
          null,
          null
        ]
      },
      "/Users/CharlieJMTorres/Projects/oystercard/oystercard/lib/journey.rb": {
        "lines": [
          1,
          1,
          1,
          1,
          null,
          1,
          9,
          9,
          9,
          null,
          null,
          1,
          31,
          null,
          null,
          1,
          10,
          10,
          10,
          null,
          null,
          1,
          1,
          null,
          null,
          null
        ]
      },
      "/Users/CharlieJMTorres/Projects/oystercard/oystercard/spec/journeylog_spec.rb": {
        "lines": [
          1,
          1,
          1,
          null,
          1,
          null,
          null,
          null,
          null,
          null,
          null,
          null,
          null,
          null,
          null,
          null,
          null,
          null,
          2,
          2,
          3,
          null,
          1,
          1,
          null,
          1,
          1,
          1,
          1,
          1,
          1,
          1,
          null,
          null,
          1,
          1,
          1,
          1,
          1,
          null,
          null,
          1,
          1,
          1,
          1,
          1,
          1,
          null,
          null
        ]
      },
      "/Users/CharlieJMTorres/Projects/oystercard/oystercard/lib/journeylog.rb": {
        "lines": [
          1,
          null,
          1,
          8,
          8,
          null,
          null,
          1,
          11,
          null,
          null,
          1,
          6,
          null,
          null,
          1,
          5,
          5,
          null,
          null,
          1,
          4,
          4,
          4,
          null,
          null,
          1,
          null,
          1,
          5,
          5,
          5,
          null,
          null,
          null
        ]
      },
      "/Users/CharlieJMTorres/Projects/oystercard/oystercard/lib/oystercard.rb": {
        "lines": [
          1,
          1,
          1,
          1,
          1,
          null,
          1,
          1,
          1,
          1,
          null,
          null,
          1,
          1,
          1,
          null,
          null,
          1,
          0,
          0,
          0,
          null,
          null,
          1,
          0,
          0,
          null,
          null,
          1,
          1,
          0,
          null,
          null,
          null
        ]
      },
      "/Users/CharlieJMTorres/Projects/oystercard/oystercard/spec/oystercard_spec.rb": {
        "lines": [
          1,
          null,
          1,
          null,
          4,
          3,
          null,
          1,
          1,
          null,
          null,
          1,
          1,
          1,
          null,
          null,
          1,
          2,
          null,
          null,
          null,
          1,
          1,
          null,
          null,
          1,
          2,
          null,
          null,
          null,
          1,
          1,
          2,
          2,
          2,
          null,
          null,
          1,
          1,
          2,
          2,
          null,
          null,
          1,
          1,
          1,
          1,
          null,
          null,
          null,
          null,
          null,
          null,
          null,
          null
        ]
      },
      "/Users/CharlieJMTorres/Projects/oystercard/oystercard/lib/Oystercard.rb": {
        "lines": [
          1,
          1,
          1,
          1,
          1,
          null,
          1,
          7,
          7,
          7,
          null,
          null,
          1,
          4,
          3,
          null,
          null,
          1,
          6,
          5,
          5,
          null,
          null,
          1,
          4,
          4,
          null,
          null,
          1,
          1,
          5,
          null,
          null,
          null
        ]
      },
      "/Users/CharlieJMTorres/Projects/oystercard/oystercard/spec/station_spec.rb": {
        "lines": [
          1,
          null,
          1,
          3,
          null,
          1,
          1,
          null,
          null,
          1,
          1,
          null,
          null
        ]
      },
      "/Users/CharlieJMTorres/Projects/oystercard/oystercard/lib/station.rb": {
        "lines": [
          1,
          1,
          1,
          2,
          2,
          null,
          null
        ]
      }
    },
    "timestamp": 1633016893
  }
}
