{
  "RSpec": {
    "coverage": {
      "/Users/conor/Ruby/Projects/Pairing/oystercard/spec/journey_spec.rb": {
        "lines": [
          1,
          null,
          1,
          null,
          1,
          4,
          1,
          1,
          null,
          null,
          1,
          1,
          null,
          null,
          1,
          1,
          1,
          1,
          null,
          null
        ]
      },
      "/Users/conor/Ruby/Projects/Pairing/oystercard/lib/journey.rb": {
        "lines": [
          1,
          1,
          1,
          1,
          null,
          1,
          11,
          11,
          11,
          null,
          null,
          1,
          13,
          null,
          null,
          1,
          12,
          null,
          null,
          null
        ]
      },
      "/Users/conor/Ruby/Projects/Pairing/oystercard/spec/journeylog_spec.rb": {
        "lines": [
          1,
          1,
          1,
          null,
          1,
          null,
          null,
          null,
          null,
          null,
          null,
          null,
          null,
          null,
          null,
          null,
          null,
          null,
          2,
          2,
          3,
          null,
          1,
          1,
          null,
          1,
          1,
          1,
          1,
          1,
          null,
          null,
          1,
          1,
          1,
          1,
          null,
          null,
          1,
          1,
          1,
          1,
          1,
          null,
          null
        ]
      },
      "/Users/conor/Ruby/Projects/Pairing/oystercard/lib/journeylog.rb": {
        "lines": [
          1,
          null,
          1,
          9,
          9,
          null,
          null,
          1,
          11,
          null,
          null,
          1,
          8,
          null,
          null,
          1,
          7,
          7,
          null,
          null,
          1,
          4,
          4,
          4,
          null,
          null,
          1,
          null,
          1,
          6,
          6,
          6,
          null,
          null,
          null
        ]
      },
      "/Users/conor/Ruby/Projects/Pairing/oystercard/lib/oystercard.rb": {
        "lines": [
          1,
          1,
          1,
          1,
          1,
          null,
          1,
          9,
          9,
          9,
          null,
          null,
          1,
          6,
          5,
          null,
          null,
          1,
          8,
          7,
          7,
          null,
          null,
          1,
          4,
          4,
          null,
          null,
          1,
          1,
          6,
          null,
          null,
          null
        ]
      },
      "/Users/conor/Ruby/Projects/Pairing/oystercard/spec/oystercard_spec.rb": {
        "lines": [
          1,
          null,
          1,
          2,
          5,
          4,
          null,
          1,
          1,
          null,
          null,
          1,
          1,
          1,
          null,
          null,
          1,
          2,
          null,
          null,
          null,
          1,
          1,
          null,
          null,
          1,
          2,
          null,
          null,
          null,
          1,
          1,
          3,
          3,
          null,
          null,
          1,
          2,
          2,
          null,
          null,
          1,
          1,
          1,
          null,
          null,
          1,
          4,
          null,
          null,
          null
        ]
      },
      "/Users/conor/Ruby/Projects/Pairing/oystercard/spec/station_spec.rb": {
        "lines": [
          1,
          null,
          1,
          3,
          null,
          1,
          1,
          null,
          null,
          1,
          1,
          null,
          null
        ]
      },
      "/Users/conor/Ruby/Projects/Pairing/oystercard/lib/station.rb": {
        "lines": [
          1,
          1,
          1,
          2,
          2,
          null,
          null
        ]
      }
    },
    "timestamp": 1638112090
  }
}
